<?xml version="1.0" encoding="UTF-8"?>
<testng-results ignored="0" total="1" passed="1" failed="0" skipped="0">
  <reporter-output>
  </reporter-output>
  <suite started-at="2021-06-10T17:56:18Z" name="Suite" finished-at="2021-06-10T17:56:35Z" duration-ms="16565">
    <groups>
    </groups>
    <test started-at="2021-06-10T17:56:18Z" name="Test" finished-at="2021-06-10T17:56:35Z" duration-ms="16565">
      <class name="com.qa.test.LetCode_input">
        <test-method is-config="true" signature="beforeTest()[pri:0, instance:com.qa.test.LetCode_input@407a7f2a]" started-at="2021-06-10T17:56:18Z" name="beforeTest" finished-at="2021-06-10T17:56:23Z" duration-ms="4470" status="PASS">
          <reporter-output>
          </reporter-output>
        </test-method> <!-- beforeTest -->
        <test-method signature="test1(java.lang.String, java.lang.String)[pri:0, instance:com.qa.test.LetCode_input@407a7f2a]" started-at="2021-06-10T17:56:23Z" name="test1" finished-at="2021-06-10T17:56:33Z" duration-ms="10739" status="PASS">
          <params>
            <param index="0">
              <value>
                <![CDATA[deshan@gmail.com]]>
              </value>
            </param>
            <param index="1">
              <value>
                <![CDATA[123456]]>
              </value>
            </param>
          </params>
          <reporter-output>
          </reporter-output>
        </test-method> <!-- test1 -->
        <test-method is-config="true" signature="afterTest()[pri:0, instance:com.qa.test.LetCode_input@407a7f2a]" started-at="2021-06-10T17:56:33Z" name="afterTest" finished-at="2021-06-10T17:56:35Z" duration-ms="1331" status="PASS">
          <reporter-output>
          </reporter-output>
        </test-method> <!-- afterTest -->
      </class> <!-- com.qa.test.LetCode_input -->
    </test> <!-- Test -->
  </suite> <!-- Suite -->
</testng-results>
