<?xml version="1.0" encoding="UTF-8"?>
<testng-results ignored="0" total="1" passed="1" failed="0" skipped="0">
  <reporter-output>
  </reporter-output>
  <suite started-at="2021-06-10T17:55:07Z" name="Suite" finished-at="2021-06-10T17:55:21Z" duration-ms="14591">
    <groups>
    </groups>
    <test started-at="2021-06-10T17:55:07Z" name="Test" finished-at="2021-06-10T17:55:21Z" duration-ms="14591">
      <class name="com.qa.test.LetCode_input">
        <test-method is-config="true" signature="beforeTest()[pri:0, instance:com.qa.test.LetCode_input@7ef27d7f]" started-at="2021-06-10T17:55:07Z" name="beforeTest" finished-at="2021-06-10T17:55:11Z" duration-ms="4400" status="PASS">
          <reporter-output>
          </reporter-output>
        </test-method> <!-- beforeTest -->
        <test-method signature="test1(java.lang.String, java.lang.String)[pri:0, instance:com.qa.test.LetCode_input@7ef27d7f]" started-at="2021-06-10T17:55:11Z" name="test1" finished-at="2021-06-10T17:55:20Z" duration-ms="9063" status="PASS">
          <params>
            <param index="0">
              <value>
                <![CDATA[deshan@gmail.com]]>
              </value>
            </param>
            <param index="1">
              <value>
                <![CDATA[123456]]>
              </value>
            </param>
          </params>
          <reporter-output>
          </reporter-output>
        </test-method> <!-- test1 -->
        <test-method is-config="true" signature="afterTest()[pri:0, instance:com.qa.test.LetCode_input@7ef27d7f]" started-at="2021-06-10T17:55:20Z" name="afterTest" finished-at="2021-06-10T17:55:21Z" duration-ms="1085" status="PASS">
          <reporter-output>
          </reporter-output>
        </test-method> <!-- afterTest -->
      </class> <!-- com.qa.test.LetCode_input -->
    </test> <!-- Test -->
  </suite> <!-- Suite -->
</testng-results>
